<?xml version="1.0" encoding="UTF-8"?>
<robot generator="Robot 3.2.2 (Python 3.8.3 on win32)" generated="20210210 17:59:05.616" rpa="false">
<suite id="s1" name="TestChangeStatus" source="C:\development\robot-scripts\first-script\Tests\TestChangeStatus.robot">
<test id="s1-t1" name="Driving Routine One - Driver1">
<kw name="Run Driving Routine With Multiple Drivers">
<tags>
<tag>DriverStatus</tag>
</tags>
<doc>Driver certifying logs routine</doc>
<arguments>
<arg>test01@driver.com</arg>
<arg>123</arg>
</arguments>
<kw name="Driving Routine One" library="DrivingRoutines">
<arguments>
<arg>${user}</arg>
<arg>${password}</arg>
</arguments>
<kw name="Open vistracks" library="Common">
<kw name="Open Application" library="AppiumLibrary">
<doc>Opens a new application to given Appium server.
Capabilities of appium server, Android and iOS,
Please check https://github.com/appium/appium/blob/master/docs/en/writing-running-appium/server-args.md
| *Option*            | *Man.* | *Description*     |
| remote_url          | Yes    | Appium server url |
| alias               | no     | alias             |</doc>
<arguments>
<arg>${REMOTE_URL}</arg>
<arg>platformName=${PLATFORM_NAME}</arg>
<arg>platformVersion=${PLATFORM_VERSION}</arg>
<arg>deviceName=${DEVICE_NAME}</arg>
<arg>automationName=UiAutomator2</arg>
<arg>noReset=False</arg>
<arg>autoGrantPermissions=True</arg>
<arg>newCommandTimeout=2500</arg>
<arg>appActivity=${Activity_NAME}</arg>
<arg>appPackage=${PACKAGE_NAME}</arg>
</arguments>
<status status="PASS" starttime="20210210 17:59:06.114" endtime="20210210 17:59:20.651"></status>
</kw>
<status status="PASS" starttime="20210210 17:59:06.114" endtime="20210210 17:59:20.651"></status>
</kw>
<kw name="Accept license" library="Common">
<kw name="Verify license button loaded" library="Login">
<kw name="Wait Until Element Is Visible" library="AppiumLibrary">
<doc>Waits until element specified with `locator` is visible.</doc>
<arguments>
<arg>id=com.vistracks:id/acceptBtn</arg>
<arg>timeout=60</arg>
</arguments>
<status status="PASS" starttime="20210210 17:59:20.652" endtime="20210210 17:59:20.823"></status>
</kw>
<status status="PASS" starttime="20210210 17:59:20.652" endtime="20210210 17:59:20.824"></status>
</kw>
<kw name="Click license button" library="Login">
<kw name="Click Element" library="AppiumLibrary">
<doc>Click element identified by `locator`.</doc>
<arguments>
<arg>id=com.vistracks:id/acceptBtn</arg>
</arguments>
<msg timestamp="20210210 17:59:20.826" level="INFO">Clicking element 'id=com.vistracks:id/acceptBtn'.</msg>
<status status="PASS" starttime="20210210 17:59:20.824" endtime="20210210 17:59:20.937"></status>
</kw>
<status status="PASS" starttime="20210210 17:59:20.824" endtime="20210210 17:59:20.938"></status>
</kw>
<kw name="Verify account name loaded" library="Login">
<kw name="Wait Until Element Is Visible" library="AppiumLibrary">
<doc>Waits until element specified with `locator` is visible.</doc>
<arguments>
<arg>id=com.vistracks:id/accountNameEt</arg>
<arg>timeout=60</arg>
</arguments>
<status status="PASS" starttime="20210210 17:59:20.939" endtime="20210210 17:59:22.303"></status>
</kw>
<status status="PASS" starttime="20210210 17:59:20.938" endtime="20210210 17:59:22.303"></status>
</kw>
<status status="PASS" starttime="20210210 17:59:20.651" endtime="20210210 17:59:22.303"></status>
</kw>
<kw name="Login with Driver data" library="Common">
<arguments>
<arg>${user}</arg>
<arg>${password}</arg>
</arguments>
<kw name="Input Driver user" library="Login">
<arguments>
<arg>${user}</arg>
</arguments>
<kw name="Input Text" library="AppiumLibrary">
<doc>Types the given `text` into text field identified by `locator`.</doc>
<arguments>
<arg>id=com.vistracks:id/accountNameEt</arg>
<arg>${user}</arg>
</arguments>
<msg timestamp="20210210 17:59:22.307" level="INFO">Typing text 'test01@driver.com' into text field 'id=com.vistracks:id/accountNameEt'</msg>
<status status="PASS" starttime="20210210 17:59:22.305" endtime="20210210 17:59:22.917"></status>
</kw>
<status status="PASS" starttime="20210210 17:59:22.304" endtime="20210210 17:59:22.917"></status>
</kw>
<kw name="Input Driver password" library="Login">
<arguments>
<arg>${password}</arg>
</arguments>
<kw name="Input Text" library="AppiumLibrary">
<doc>Types the given `text` into text field identified by `locator`.</doc>
<arguments>
<arg>id=com.vistracks:id/passwordEt</arg>
<arg>${password}</arg>
</arguments>
<msg timestamp="20210210 17:59:22.920" level="INFO">Typing text '123' into text field 'id=com.vistracks:id/passwordEt'</msg>
<status status="PASS" starttime="20210210 17:59:22.918" endtime="20210210 17:59:23.494"></status>
</kw>
<status status="PASS" starttime="20210210 17:59:22.917" endtime="20210210 17:59:23.494"></status>
</kw>
<kw name="Click Login button" library="Login">
<kw name="Click Element" library="AppiumLibrary">
<doc>Click element identified by `locator`.</doc>
<arguments>
<arg>id=com.vistracks:id/loginBtn</arg>
</arguments>
<msg timestamp="20210210 17:59:23.497" level="INFO">Clicking element 'id=com.vistracks:id/loginBtn'.</msg>
<status status="PASS" starttime="20210210 17:59:23.495" endtime="20210210 17:59:24.048"></status>
</kw>
<status status="PASS" starttime="20210210 17:59:23.494" endtime="20210210 17:59:24.049"></status>
</kw>
<kw name="Wait for Syncing Account Data" library="Login">
<kw name="Wait Until Element Is Visible" library="AppiumLibrary">
<doc>Waits until element specified with `locator` is visible.</doc>
<arguments>
<arg>id=com.vistracks:id/syncDialogTitle</arg>
<arg>timeout=60s</arg>
</arguments>
<status status="PASS" starttime="20210210 17:59:24.050" endtime="20210210 17:59:29.616"></status>
</kw>
<kw name="Wait Until Page Does Not Contain Element" library="AppiumLibrary">
<doc>Waits until element specified with `locator` disappears from current page.</doc>
<arguments>
<arg>id=com.vistracks:id/syncDialogTitle</arg>
<arg>timeout=60s</arg>
</arguments>
<status status="PASS" starttime="20210210 17:59:29.616" endtime="20210210 17:59:55.239"></status>
</kw>
<kw name="Get Matching Xpath Count" library="AppiumLibrary">
<doc>Returns number of elements matching ``xpath``</doc>
<arguments>
<arg>xpath=//*[@text="Some accounts failed to sync."]</arg>
</arguments>
<assign>
<var>${count}</var>
</assign>
<msg timestamp="20210210 17:59:55.819" level="INFO">${count} = 0</msg>
<status status="PASS" starttime="20210210 17:59:55.239" endtime="20210210 17:59:55.819"></status>
</kw>
<kw name="Run Keyword If" library="BuiltIn">
<doc>Runs the given keyword with the given arguments, if ``condition`` is true.</doc>
<arguments>
<arg>${count} == 0</arg>
<arg>sleep</arg>
<arg>0.5s</arg>
<arg>ELSE</arg>
<arg>run keywords</arg>
<arg>click element</arg>
<arg>xpath=//*[@text="YES"]</arg>
<arg>AND</arg>
<arg>wait until page does not contain element</arg>
<arg>id=com.vistracks:id/syncDialogTitle</arg>
<arg>timeout=60s</arg>
</arguments>
<kw name="Sleep" library="BuiltIn">
<doc>Pauses the test executed for the given time.</doc>
<arguments>
<arg>0.5s</arg>
</arguments>
<msg timestamp="20210210 17:59:56.321" level="INFO">Slept 500 milliseconds</msg>
<status status="PASS" starttime="20210210 17:59:55.820" endtime="20210210 17:59:56.321"></status>
</kw>
<status status="PASS" starttime="20210210 17:59:55.819" endtime="20210210 17:59:56.321"></status>
</kw>
<status status="PASS" starttime="20210210 17:59:24.049" endtime="20210210 17:59:56.321"></status>
</kw>
<kw name="Wait for Preparing logs" library="Login">
<kw name="Wait Until Element Is Visible" library="AppiumLibrary">
<doc>Waits until element specified with `locator` is visible.</doc>
<arguments>
<arg>id=com.vistracks:id/splashLogoIV</arg>
<arg>timeout=45</arg>
</arguments>
<status status="PASS" starttime="20210210 17:59:56.322" endtime="20210210 17:59:56.374"></status>
</kw>
<kw name="Wait Until Page Does Not Contain Element" library="AppiumLibrary">
<doc>Waits until element specified with `locator` disappears from current page.</doc>
<arguments>
<arg>id=com.vistracks:id/splashLogoIV</arg>
<arg>timeout=45</arg>
</arguments>
<status status="PASS" starttime="20210210 17:59:56.374" endtime="20210210 18:00:04.647"></status>
</kw>
<status status="PASS" starttime="20210210 17:59:56.321" endtime="20210210 18:00:04.648"></status>
</kw>
<kw name="Sleep" library="BuiltIn">
<doc>Pauses the test executed for the given time.</doc>
<arguments>
<arg>7s</arg>
</arguments>
<msg timestamp="20210210 18:00:11.649" level="INFO">Slept 7 seconds</msg>
<status status="PASS" starttime="20210210 18:00:04.648" endtime="20210210 18:00:11.649"></status>
</kw>
<status status="PASS" starttime="20210210 17:59:22.304" endtime="20210210 18:00:11.649"></status>
</kw>
<kw name="Verify if there are uncertified logs" library="ChangeStatus">
<kw name="Switch To Intrastate Driving Rules" library="ChangeStatus">
<kw name="Get Matching Xpath Count" library="AppiumLibrary">
<doc>Returns number of elements matching ``xpath``</doc>
<arguments>
<arg>xpath=//*[@text="Switch To Intrastate Driving Rules"]</arg>
</arguments>
<assign>
<var>${count0}</var>
</assign>
<msg timestamp="20210210 18:00:12.315" level="INFO">${count0} = 0</msg>
<status status="PASS" starttime="20210210 18:00:11.651" endtime="20210210 18:00:12.315"></status>
</kw>
<kw name="Run Keyword If" library="BuiltIn">
<doc>Runs the given keyword with the given arguments, if ``condition`` is true.</doc>
<arguments>
<arg>${count0} &gt; 0</arg>
<arg>click element</arg>
<arg>id=com.vistracks:id/standardPositiveBtn</arg>
</arguments>
<status status="PASS" starttime="20210210 18:00:12.316" endtime="20210210 18:00:12.316"></status>
</kw>
<kw name="Sleep" library="BuiltIn">
<doc>Pauses the test executed for the given time.</doc>
<arguments>
<arg>1s</arg>
</arguments>
<msg timestamp="20210210 18:00:13.319" level="INFO">Slept 1 second</msg>
<status status="PASS" starttime="20210210 18:00:12.317" endtime="20210210 18:00:13.319"></status>
</kw>
<status status="PASS" starttime="20210210 18:00:11.650" endtime="20210210 18:00:13.320"></status>
</kw>
<kw name="Get Matching Xpath Count" library="AppiumLibrary">
<doc>Returns number of elements matching ``xpath``</doc>
<arguments>
<arg>xpath=//*[@text="Uncertified Log(s)"]</arg>
</arguments>
<assign>
<var>${count}</var>
</assign>
<msg timestamp="20210210 18:00:13.621" level="INFO">${count} = 0</msg>
<status status="PASS" starttime="20210210 18:00:13.320" endtime="20210210 18:00:13.621"></status>
</kw>
<kw name="Run Keyword If" library="BuiltIn">
<doc>Runs the given keyword with the given arguments, if ``condition`` is true.</doc>
<arguments>
<arg>${count} &gt; 0</arg>
<arg>certify log</arg>
<arg>ELSE</arg>
<arg>no logs to certify</arg>
</arguments>
<kw name="No logs to certify" library="ChangeStatus">
<kw name="Log To Console" library="BuiltIn">
<doc>Logs the given message to the console.</doc>
<arguments>
<arg>No logs to certify</arg>
</arguments>
<status status="PASS" starttime="20210210 18:00:13.622" endtime="20210210 18:00:13.623"></status>
</kw>
<status status="PASS" starttime="20210210 18:00:13.622" endtime="20210210 18:00:13.623"></status>
</kw>
<status status="PASS" starttime="20210210 18:00:13.621" endtime="20210210 18:00:13.623"></status>
</kw>
<status status="PASS" starttime="20210210 18:00:11.649" endtime="20210210 18:00:13.623"></status>
</kw>
<kw name="Add Driving status" library="Common">
<kw name="Enable debug mode" library="ChangeStatus">
<kw name="Wait Until Element Is Visible" library="AppiumLibrary">
<doc>Waits until element specified with `locator` is visible.</doc>
<arguments>
<arg>xpath=//android.widget.ImageButton[@content-desc="VisTracks"]</arg>
<arg>timeout=10</arg>
</arguments>
<status status="PASS" starttime="20210210 18:00:13.624" endtime="20210210 18:00:14.275"></status>
</kw>
<kw name="Click Element" library="AppiumLibrary">
<doc>Click element identified by `locator`.</doc>
<arguments>
<arg>xpath=//android.widget.ImageButton[@content-desc="VisTracks"]</arg>
</arguments>
<msg timestamp="20210210 18:00:14.277" level="INFO">Clicking element 'xpath=//android.widget.ImageButton[@content-desc="VisTracks"]'.</msg>
<status status="PASS" starttime="20210210 18:00:14.275" endtime="20210210 18:00:15.075"></status>
</kw>
<kw name="Wait Until Element Is Visible" library="AppiumLibrary">
<doc>Waits until element specified with `locator` is visible.</doc>
<arguments>
<arg>xpath=//*[@text="Settings"]</arg>
<arg>timeout=10</arg>
</arguments>
<status status="PASS" starttime="20210210 18:00:15.075" endtime="20210210 18:00:17.054"></status>
</kw>
<kw name="Click Element" library="AppiumLibrary">
<doc>Click element identified by `locator`.</doc>
<arguments>
<arg>xpath=//*[@text="Settings"]</arg>
</arguments>
<msg timestamp="20210210 18:00:17.057" level="INFO">Clicking element 'xpath=//*[@text="Settings"]'.</msg>
<status status="PASS" starttime="20210210 18:00:17.055" endtime="20210210 18:00:18.688"></status>
</kw>
<kw name="Sleep" library="BuiltIn">
<doc>Pauses the test executed for the given time.</doc>
<arguments>
<arg>1.5s</arg>
</arguments>
<msg timestamp="20210210 18:00:20.188" level="INFO">Slept 1 second 500 milliseconds</msg>
<status status="PASS" starttime="20210210 18:00:18.688" endtime="20210210 18:00:20.188"></status>
</kw>
<kw name="Swipe By Percent" library="AppiumLibrary">
<doc>Swipe from one percent of the screen to another percent, for an optional duration.
Normal swipe fails to scale for different screen resolutions, this can be avoided using percent.</doc>
<arguments>
<arg>40</arg>
<arg>80</arg>
<arg>50</arg>
<arg>20</arg>
<arg>1000</arg>
</arguments>
<status status="PASS" starttime="20210210 18:00:20.189" endtime="20210210 18:00:21.845"></status>
</kw>
<kw name="Sleep" library="BuiltIn">
<doc>Pauses the test executed for the given time.</doc>
<arguments>
<arg>1s</arg>
</arguments>
<msg timestamp="20210210 18:00:22.848" level="INFO">Slept 1 second</msg>
<status status="PASS" starttime="20210210 18:00:21.846" endtime="20210210 18:00:22.848"></status>
</kw>
<kw name="Swipe By Percent" library="AppiumLibrary">
<doc>Swipe from one percent of the screen to another percent, for an optional duration.
Normal swipe fails to scale for different screen resolutions, this can be avoided using percent.</doc>
<arguments>
<arg>40</arg>
<arg>80</arg>
<arg>50</arg>
<arg>20</arg>
<arg>1000</arg>
</arguments>
<status status="PASS" starttime="20210210 18:00:22.848" endtime="20210210 18:00:24.189"></status>
</kw>
<kw name="Sleep" library="BuiltIn">
<doc>Pauses the test executed for the given time.</doc>
<arguments>
<arg>1s</arg>
</arguments>
<msg timestamp="20210210 18:00:25.192" level="INFO">Slept 1 second</msg>
<status status="PASS" starttime="20210210 18:00:24.189" endtime="20210210 18:00:25.192"></status>
</kw>
<kw name="Click Element" library="AppiumLibrary">
<doc>Click element identified by `locator`.</doc>
<arguments>
<arg>xpath=//*[@text="Debugging"]</arg>
</arguments>
<msg timestamp="20210210 18:00:25.194" level="INFO">Clicking element 'xpath=//*[@text="Debugging"]'.</msg>
<status status="PASS" starttime="20210210 18:00:25.192" endtime="20210210 18:00:25.605"></status>
</kw>
<kw name="Wait Until Element Is Visible" library="AppiumLibrary">
<doc>Waits until element specified with `locator` is visible.</doc>
<arguments>
<arg>xpath=//*[@text="Debug"]</arg>
<arg>timeout=10</arg>
</arguments>
<status status="PASS" starttime="20210210 18:00:25.605" endtime="20210210 18:00:26.604"></status>
</kw>
<kw name="Click Element" library="AppiumLibrary">
<doc>Click element identified by `locator`.</doc>
<arguments>
<arg>xpath=//*[@text="Debug"]</arg>
</arguments>
<msg timestamp="20210210 18:00:26.606" level="INFO">Clicking element 'xpath=//*[@text="Debug"]'.</msg>
<status status="PASS" starttime="20210210 18:00:26.604" endtime="20210210 18:00:26.972"></status>
</kw>
<kw name="Sleep" library="BuiltIn">
<doc>Pauses the test executed for the given time.</doc>
<arguments>
<arg>1s</arg>
</arguments>
<msg timestamp="20210210 18:00:27.973" level="INFO">Slept 1 second</msg>
<status status="PASS" starttime="20210210 18:00:26.972" endtime="20210210 18:00:27.973"></status>
</kw>
<kw name="Go Back" library="AppiumLibrary">
<doc>Goes one step backward in the browser history.</doc>
<status status="PASS" starttime="20210210 18:00:27.973" endtime="20210210 18:00:28.049"></status>
</kw>
<kw name="Sleep" library="BuiltIn">
<doc>Pauses the test executed for the given time.</doc>
<arguments>
<arg>1s</arg>
</arguments>
<msg timestamp="20210210 18:00:29.051" level="INFO">Slept 1 second</msg>
<status status="PASS" starttime="20210210 18:00:28.049" endtime="20210210 18:00:29.051"></status>
</kw>
<kw name="Go Back" library="AppiumLibrary">
<doc>Goes one step backward in the browser history.</doc>
<status status="PASS" starttime="20210210 18:00:29.052" endtime="20210210 18:00:29.495"></status>
</kw>
<kw name="Log To Console" library="BuiltIn">
<doc>Logs the given message to the console.</doc>
<arguments>
<arg>Debug mode enabled</arg>
</arguments>
<status status="PASS" starttime="20210210 18:00:29.496" endtime="20210210 18:00:29.496"></status>
</kw>
<status status="PASS" starttime="20210210 18:00:13.624" endtime="20210210 18:00:29.496"></status>
</kw>
<kw name="Connect to Simulator" library="ChangeStatus">
<kw name="Wait Until Element Is Visible" library="AppiumLibrary">
<doc>Waits until element specified with `locator` is visible.</doc>
<arguments>
<arg>xpath=//android.widget.TextView[@content-desc="VBUS connection indicator"]</arg>
<arg>timeout=10</arg>
</arguments>
<status status="PASS" starttime="20210210 18:00:29.498" endtime="20210210 18:00:30.891"></status>
</kw>
<kw name="Click Element" library="AppiumLibrary">
<doc>Click element identified by `locator`.</doc>
<arguments>
<arg>xpath=//android.widget.TextView[@content-desc="VBUS connection indicator"]</arg>
</arguments>
<msg timestamp="20210210 18:00:30.894" level="INFO">Clicking element 'xpath=//android.widget.TextView[@content-desc="VBUS connection indicator"]'.</msg>
<status status="PASS" starttime="20210210 18:00:30.891" endtime="20210210 18:00:31.118"></status>
</kw>
<kw name="Wait Until Element Is Visible" library="AppiumLibrary">
<doc>Waits until element specified with `locator` is visible.</doc>
<arguments>
<arg>xpath=//*[@text="MANUAL CONNECTION"]</arg>
<arg>timeout=10</arg>
</arguments>
<status status="PASS" starttime="20210210 18:00:31.118" endtime="20210210 18:00:31.907"></status>
</kw>
<kw name="Click Element" library="AppiumLibrary">
<doc>Click element identified by `locator`.</doc>
<arguments>
<arg>xpath=//*[@text="MANUAL CONNECTION"]</arg>
</arguments>
<msg timestamp="20210210 18:00:31.909" level="INFO">Clicking element 'xpath=//*[@text="MANUAL CONNECTION"]'.</msg>
<status status="PASS" starttime="20210210 18:00:31.907" endtime="20210210 18:00:32.015"></status>
</kw>
<kw name="Wait Until Element Is Visible" library="AppiumLibrary">
<doc>Waits until element specified with `locator` is visible.</doc>
<arguments>
<arg>xpath=//*[@text="Simulator"]</arg>
<arg>timeout=10</arg>
</arguments>
<status status="PASS" starttime="20210210 18:00:32.016" endtime="20210210 18:00:32.976"></status>
</kw>
<kw name="Click Element" library="AppiumLibrary">
<doc>Click element identified by `locator`.</doc>
<arguments>
<arg>xpath=//*[@text="NEXT"]</arg>
</arguments>
<msg timestamp="20210210 18:00:32.980" level="INFO">Clicking element 'xpath=//*[@text="NEXT"]'.</msg>
<status status="PASS" starttime="20210210 18:00:32.977" endtime="20210210 18:00:33.145"></status>
</kw>
<kw name="Wait Until Element Is Visible" library="AppiumLibrary">
<doc>Waits until element specified with `locator` is visible.</doc>
<arguments>
<arg>xpath=//*[@text="YES"]</arg>
<arg>timeout=10</arg>
</arguments>
<status status="PASS" starttime="20210210 18:00:33.145" endtime="20210210 18:00:33.969"></status>
</kw>
<kw name="Click Element" library="AppiumLibrary">
<doc>Click element identified by `locator`.</doc>
<arguments>
<arg>xpath=//*[@text="YES"]</arg>
</arguments>
<msg timestamp="20210210 18:00:33.971" level="INFO">Clicking element 'xpath=//*[@text="YES"]'.</msg>
<status status="PASS" starttime="20210210 18:00:33.969" endtime="20210210 18:00:34.108"></status>
</kw>
<kw name="Sleep" library="BuiltIn">
<doc>Pauses the test executed for the given time.</doc>
<arguments>
<arg>7s</arg>
</arguments>
<msg timestamp="20210210 18:00:41.110" level="INFO">Slept 7 seconds</msg>
<status status="PASS" starttime="20210210 18:00:34.108" endtime="20210210 18:00:41.110"></status>
</kw>
<kw name="Get Matching Xpath Count" library="AppiumLibrary">
<doc>Returns number of elements matching ``xpath``</doc>
<arguments>
<arg>xpath=//*[@text="Switch To Intrastate Driving Rules"]</arg>
</arguments>
<assign>
<var>${count0}</var>
</assign>
<msg timestamp="20210210 18:00:42.042" level="INFO">${count0} = 1</msg>
<status status="PASS" starttime="20210210 18:00:41.110" endtime="20210210 18:00:42.042"></status>
</kw>
<kw name="Run Keyword If" library="BuiltIn">
<doc>Runs the given keyword with the given arguments, if ``condition`` is true.</doc>
<arguments>
<arg>${count0} &gt; 0</arg>
<arg>click element</arg>
<arg>id=com.vistracks:id/standardPositiveBtn</arg>
</arguments>
<kw name="Click Element" library="AppiumLibrary">
<doc>Click element identified by `locator`.</doc>
<arguments>
<arg>id=com.vistracks:id/standardPositiveBtn</arg>
</arguments>
<msg timestamp="20210210 18:00:42.045" level="INFO">Clicking element 'id=com.vistracks:id/standardPositiveBtn'.</msg>
<status status="PASS" starttime="20210210 18:00:42.043" endtime="20210210 18:00:42.101"></status>
</kw>
<status status="PASS" starttime="20210210 18:00:42.043" endtime="20210210 18:00:42.101"></status>
</kw>
<kw name="Sleep" library="BuiltIn">
<doc>Pauses the test executed for the given time.</doc>
<arguments>
<arg>2s</arg>
</arguments>
<msg timestamp="20210210 18:00:44.102" level="INFO">Slept 2 seconds</msg>
<status status="PASS" starttime="20210210 18:00:42.101" endtime="20210210 18:00:44.102"></status>
</kw>
<kw name="Get Matching Xpath Count" library="AppiumLibrary">
<doc>Returns number of elements matching ``xpath``</doc>
<arguments>
<arg>xpath=//*[@text="Warning!"]</arg>
</arguments>
<assign>
<var>${count}</var>
</assign>
<msg timestamp="20210210 18:00:44.204" level="INFO">${count} = 0</msg>
<status status="PASS" starttime="20210210 18:00:44.102" endtime="20210210 18:00:44.204"></status>
</kw>
<kw name="Run Keyword If" library="BuiltIn">
<doc>Runs the given keyword with the given arguments, if ``condition`` is true.</doc>
<arguments>
<arg>${count} &gt; 0</arg>
<arg>click element</arg>
<arg>xpath=//*[@text="OK"]</arg>
</arguments>
<status status="PASS" starttime="20210210 18:00:44.204" endtime="20210210 18:00:44.204"></status>
</kw>
<kw name="Wait Until Element Is Visible" library="AppiumLibrary">
<doc>Waits until element specified with `locator` is visible.</doc>
<arguments>
<arg>xpath=//*[@text="CONNECT ANYWAY"]</arg>
<arg>timeout=10</arg>
</arguments>
<status status="PASS" starttime="20210210 18:00:44.204" endtime="20210210 18:00:44.323"></status>
</kw>
<kw name="Click Element" library="AppiumLibrary">
<doc>Click element identified by `locator`.</doc>
<arguments>
<arg>xpath=//*[@text="CONNECT ANYWAY"]</arg>
</arguments>
<msg timestamp="20210210 18:00:44.325" level="INFO">Clicking element 'xpath=//*[@text="CONNECT ANYWAY"]'.</msg>
<status status="PASS" starttime="20210210 18:00:44.323" endtime="20210210 18:00:44.479"></status>
</kw>
<kw name="Sleep" library="BuiltIn">
<doc>Pauses the test executed for the given time.</doc>
<arguments>
<arg>5s</arg>
</arguments>
<msg timestamp="20210210 18:00:49.481" level="INFO">Slept 5 seconds</msg>
<status status="PASS" starttime="20210210 18:00:44.479" endtime="20210210 18:00:49.481"></status>
</kw>
<kw name="Get Matching Xpath Count" library="AppiumLibrary">
<doc>Returns number of elements matching ``xpath``</doc>
<arguments>
<arg>xpath=//*[@text="Warning!"]</arg>
</arguments>
<assign>
<var>${count}</var>
</assign>
<msg timestamp="20210210 18:00:49.615" level="INFO">${count} = 0</msg>
<status status="PASS" starttime="20210210 18:00:49.481" endtime="20210210 18:00:49.616"></status>
</kw>
<kw name="Run Keyword If" library="BuiltIn">
<doc>Runs the given keyword with the given arguments, if ``condition`` is true.</doc>
<arguments>
<arg>${count} &gt; 0</arg>
<arg>click element</arg>
<arg>xpath=//*[@text="OK"]</arg>
</arguments>
<status status="PASS" starttime="20210210 18:00:49.616" endtime="20210210 18:00:49.616"></status>
</kw>
<kw name="Sleep" library="BuiltIn">
<doc>Pauses the test executed for the given time.</doc>
<arguments>
<arg>2s</arg>
</arguments>
<msg timestamp="20210210 18:00:51.618" level="INFO">Slept 2 seconds</msg>
<status status="PASS" starttime="20210210 18:00:49.617" endtime="20210210 18:00:51.618"></status>
</kw>
<kw name="Get Matching Xpath Count" library="AppiumLibrary">
<doc>Returns number of elements matching ``xpath``</doc>
<arguments>
<arg>xpath=//*[@text="REMAINING TO VIOLATION"]</arg>
</arguments>
<assign>
<var>${count}</var>
</assign>
<msg timestamp="20210210 18:00:52.338" level="INFO">${count} = 1</msg>
<status status="PASS" starttime="20210210 18:00:51.618" endtime="20210210 18:00:52.339"></status>
</kw>
<kw name="Run Keyword If" library="BuiltIn">
<doc>Runs the given keyword with the given arguments, if ``condition`` is true.</doc>
<arguments>
<arg>${count} &gt; 0</arg>
<arg>click element</arg>
<arg>xpath=//*[@text="OK"]</arg>
</arguments>
<kw name="Click Element" library="AppiumLibrary">
<doc>Click element identified by `locator`.</doc>
<arguments>
<arg>xpath=//*[@text="OK"]</arg>
</arguments>
<msg timestamp="20210210 18:00:52.342" level="INFO">Clicking element 'xpath=//*[@text="OK"]'.</msg>
<status status="PASS" starttime="20210210 18:00:52.340" endtime="20210210 18:00:52.552"></status>
</kw>
<status status="PASS" starttime="20210210 18:00:52.339" endtime="20210210 18:00:52.553"></status>
</kw>
<kw name="Log To Console" library="BuiltIn">
<doc>Logs the given message to the console.</doc>
<arguments>
<arg>Connected to simulator</arg>
</arguments>
<status status="PASS" starttime="20210210 18:00:52.553" endtime="20210210 18:00:52.553"></status>
</kw>
<status status="PASS" starttime="20210210 18:00:29.497" endtime="20210210 18:00:52.554"></status>
</kw>
<status status="PASS" starttime="20210210 18:00:13.623" endtime="20210210 18:00:52.554"></status>
</kw>
<kw name="Sleep" library="BuiltIn">
<doc>Pauses the test executed for the given time.</doc>
<arguments>
<arg>10s</arg>
</arguments>
<msg timestamp="20210210 18:01:02.556" level="INFO">Slept 10 seconds</msg>
<status status="PASS" starttime="20210210 18:00:52.554" endtime="20210210 18:01:02.556"></status>
</kw>
<kw name="Stop moving" library="ChangeStatus">
<kw name="Sleep" library="BuiltIn">
<doc>Pauses the test executed for the given time.</doc>
<arguments>
<arg>1s</arg>
</arguments>
<msg timestamp="20210210 18:01:03.559" level="INFO">Slept 1 second</msg>
<status status="PASS" starttime="20210210 18:01:02.557" endtime="20210210 18:01:03.559"></status>
</kw>
<kw name="Wait Until Element Is Visible" library="AppiumLibrary">
<doc>Waits until element specified with `locator` is visible.</doc>
<arguments>
<arg>accessibility_id=VBUS connection indicator</arg>
</arguments>
<status status="PASS" starttime="20210210 18:01:03.559" endtime="20210210 18:01:03.611"></status>
</kw>
<kw name="Click Element" library="AppiumLibrary">
<doc>Click element identified by `locator`.</doc>
<arguments>
<arg>accessibility_id=VBUS connection indicator</arg>
</arguments>
<msg timestamp="20210210 18:01:03.613" level="INFO">Clicking element 'accessibility_id=VBUS connection indicator'.</msg>
<status status="PASS" starttime="20210210 18:01:03.611" endtime="20210210 18:01:03.668"></status>
</kw>
<kw name="Sleep" library="BuiltIn">
<doc>Pauses the test executed for the given time.</doc>
<arguments>
<arg>1.5s</arg>
</arguments>
<msg timestamp="20210210 18:01:05.169" level="INFO">Slept 1 second 500 milliseconds</msg>
<status status="PASS" starttime="20210210 18:01:03.668" endtime="20210210 18:01:05.169"></status>
</kw>
<kw name="Get Matching Xpath Count" library="AppiumLibrary">
<doc>Returns number of elements matching ``xpath``</doc>
<arguments>
<arg>xpath=//*[@text="Do you want to connect to vehicle V1 VIN CONFIGURED?"]</arg>
</arguments>
<assign>
<var>${count}</var>
</assign>
<msg timestamp="20210210 18:01:05.314" level="INFO">${count} = 0</msg>
<status status="PASS" starttime="20210210 18:01:05.169" endtime="20210210 18:01:05.314"></status>
</kw>
<kw name="Run Keyword If" library="BuiltIn">
<doc>Runs the given keyword with the given arguments, if ``condition`` is true.</doc>
<arguments>
<arg>${count} &gt; 0</arg>
<arg>go back</arg>
<arg>ELSE</arg>
<arg>Set speed to cero</arg>
</arguments>
<kw name="Set speed to cero" library="ChangeStatus">
<kw name="Click Element" library="AppiumLibrary">
<doc>Click element identified by `locator`.</doc>
<arguments>
<arg>id=com.vistracks:id/setVbusDataBtn</arg>
</arguments>
<msg timestamp="20210210 18:01:05.318" level="INFO">Clicking element 'id=com.vistracks:id/setVbusDataBtn'.</msg>
<status status="PASS" starttime="20210210 18:01:05.316" endtime="20210210 18:01:05.383"></status>
</kw>
<kw name="Sleep" library="BuiltIn">
<doc>Pauses the test executed for the given time.</doc>
<arguments>
<arg>1s</arg>
</arguments>
<msg timestamp="20210210 18:01:06.386" level="INFO">Slept 1 second</msg>
<status status="PASS" starttime="20210210 18:01:05.383" endtime="20210210 18:01:06.386"></status>
</kw>
<kw name="Clear Text" library="AppiumLibrary">
<doc>Clears the text field identified by `locator`.</doc>
<arguments>
<arg>id=com.vistracks:id/speedEt</arg>
</arguments>
<msg timestamp="20210210 18:01:06.389" level="INFO">Clear text field 'id=com.vistracks:id/speedEt'</msg>
<status status="PASS" starttime="20210210 18:01:06.386" endtime="20210210 18:01:06.960"></status>
</kw>
<kw name="Input Text" library="AppiumLibrary">
<doc>Types the given `text` into text field identified by `locator`.</doc>
<arguments>
<arg>id=com.vistracks:id/speedEt</arg>
<arg>0</arg>
</arguments>
<msg timestamp="20210210 18:01:06.962" level="INFO">Typing text '0' into text field 'id=com.vistracks:id/speedEt'</msg>
<status status="PASS" starttime="20210210 18:01:06.961" endtime="20210210 18:01:08.023"></status>
</kw>
<kw name="Sleep" library="BuiltIn">
<doc>Pauses the test executed for the given time.</doc>
<arguments>
<arg>1s</arg>
</arguments>
<msg timestamp="20210210 18:01:09.025" level="INFO">Slept 1 second</msg>
<status status="PASS" starttime="20210210 18:01:08.023" endtime="20210210 18:01:09.025"></status>
</kw>
<kw name="Click Element" library="AppiumLibrary">
<doc>Click element identified by `locator`.</doc>
<arguments>
<arg>id=com.vistracks:id/standardPositiveBtn</arg>
</arguments>
<msg timestamp="20210210 18:01:09.029" level="INFO">Clicking element 'id=com.vistracks:id/standardPositiveBtn'.</msg>
<status status="PASS" starttime="20210210 18:01:09.026" endtime="20210210 18:01:09.107"></status>
</kw>
<kw name="Sleep" library="BuiltIn">
<doc>Pauses the test executed for the given time.</doc>
<arguments>
<arg>1s</arg>
</arguments>
<msg timestamp="20210210 18:01:10.110" level="INFO">Slept 1 second</msg>
<status status="PASS" starttime="20210210 18:01:09.108" endtime="20210210 18:01:10.110"></status>
</kw>
<kw name="Click Element" library="AppiumLibrary">
<doc>Click element identified by `locator`.</doc>
<arguments>
<arg>id=com.vistracks:id/cancelDialogBtn</arg>
</arguments>
<msg timestamp="20210210 18:01:10.115" level="INFO">Clicking element 'id=com.vistracks:id/cancelDialogBtn'.</msg>
<status status="PASS" starttime="20210210 18:01:10.111" endtime="20210210 18:01:10.189"></status>
</kw>
<kw name="Sleep" library="BuiltIn">
<doc>Pauses the test executed for the given time.</doc>
<arguments>
<arg>1s</arg>
</arguments>
<msg timestamp="20210210 18:01:11.190" level="INFO">Slept 1 second</msg>
<status status="PASS" starttime="20210210 18:01:10.190" endtime="20210210 18:01:11.190"></status>
</kw>
<status status="PASS" starttime="20210210 18:01:05.315" endtime="20210210 18:01:11.190"></status>
</kw>
<status status="PASS" starttime="20210210 18:01:05.315" endtime="20210210 18:01:11.190"></status>
</kw>
<kw name="Sleep" library="BuiltIn">
<doc>Pauses the test executed for the given time.</doc>
<arguments>
<arg>1s</arg>
</arguments>
<msg timestamp="20210210 18:01:12.193" level="INFO">Slept 1 second</msg>
<status status="PASS" starttime="20210210 18:01:11.191" endtime="20210210 18:01:12.193"></status>
</kw>
<kw name="Log To Console" library="BuiltIn">
<doc>Logs the given message to the console.</doc>
<arguments>
<arg>vehicle is not conected to simulator or speed is cero</arg>
</arguments>
<status status="PASS" starttime="20210210 18:01:12.193" endtime="20210210 18:01:12.194"></status>
</kw>
<status status="PASS" starttime="20210210 18:01:02.557" endtime="20210210 18:01:12.195"></status>
</kw>
<kw name="Add OnDuty ND status" library="Common">
<kw name="Get Matching Xpath Count" library="AppiumLibrary">
<doc>Returns number of elements matching ``xpath``</doc>
<arguments>
<arg>xpath=//*[@text="OnDuty ND"]</arg>
</arguments>
<assign>
<var>${count}</var>
</assign>
<msg timestamp="20210210 18:01:12.434" level="INFO">${count} = 0</msg>
<status status="PASS" starttime="20210210 18:01:12.195" endtime="20210210 18:01:12.435"></status>
</kw>
<kw name="Run Keyword If" library="BuiltIn">
<doc>Runs the given keyword with the given arguments, if ``condition`` is true.</doc>
<arguments>
<arg>${count} == 0</arg>
<arg>changestatus.change status to onduty nd</arg>
<arg>ELSE</arg>
<arg>log to console</arg>
<arg>Already with On Duty ND status</arg>
</arguments>
<kw name="Change status to OnDuty ND" library="ChangeStatus">
<kw name="Wait Until Element Is Visible" library="AppiumLibrary">
<doc>Waits until element specified with `locator` is visible.</doc>
<arguments>
<arg>accessibility_id=dutyStatusIcon</arg>
</arguments>
<status status="PASS" starttime="20210210 18:01:12.436" endtime="20210210 18:01:13.041"></status>
</kw>
<kw name="Click Element" library="AppiumLibrary">
<doc>Click element identified by `locator`.</doc>
<arguments>
<arg>accessibility_id=dutyStatusIcon</arg>
</arguments>
<msg timestamp="20210210 18:01:13.043" level="INFO">Clicking element 'accessibility_id=dutyStatusIcon'.</msg>
<status status="PASS" starttime="20210210 18:01:13.041" endtime="20210210 18:01:13.108"></status>
</kw>
<kw name="Sleep" library="BuiltIn">
<doc>Pauses the test executed for the given time.</doc>
<arguments>
<arg>2s</arg>
</arguments>
<msg timestamp="20210210 18:01:15.110" level="INFO">Slept 2 seconds</msg>
<status status="PASS" starttime="20210210 18:01:13.108" endtime="20210210 18:01:15.110"></status>
</kw>
<kw name="Click Element" library="AppiumLibrary">
<doc>Click element identified by `locator`.</doc>
<arguments>
<arg>id=com.vistracks:id/onDutyEventCv</arg>
</arguments>
<msg timestamp="20210210 18:01:15.112" level="INFO">Clicking element 'id=com.vistracks:id/onDutyEventCv'.</msg>
<status status="PASS" starttime="20210210 18:01:15.110" endtime="20210210 18:01:15.280"></status>
</kw>
<kw name="Input Text" library="AppiumLibrary">
<doc>Types the given `text` into text field identified by `locator`.</doc>
<arguments>
<arg>id=com.vistracks:id/annotationOneATV</arg>
<arg>start working</arg>
</arguments>
<msg timestamp="20210210 18:01:15.283" level="INFO">Typing text 'start working' into text field 'id=com.vistracks:id/annotationOneATV'</msg>
<status status="PASS" starttime="20210210 18:01:15.280" endtime="20210210 18:01:16.482"></status>
</kw>
<kw name="Swipe" library="AppiumLibrary">
<doc>Swipe from one point to another point, for an optional duration.</doc>
<arguments>
<arg>713</arg>
<arg>1128</arg>
<arg>844</arg>
<arg>844</arg>
<arg>1000</arg>
</arguments>
<status status="PASS" starttime="20210210 18:01:16.483" endtime="20210210 18:01:17.808"></status>
</kw>
<kw name="Wait Until Element Is Visible" library="AppiumLibrary">
<doc>Waits until element specified with `locator` is visible.</doc>
<arguments>
<arg>xpath=//*[@text="SAVE"]</arg>
<arg>timeout=10</arg>
</arguments>
<status status="PASS" starttime="20210210 18:01:17.808" endtime="20210210 18:01:17.983"></status>
</kw>
<kw name="Click Element" library="AppiumLibrary">
<doc>Click element identified by `locator`.</doc>
<arguments>
<arg>xpath=//*[@text="SAVE"]</arg>
</arguments>
<msg timestamp="20210210 18:01:17.985" level="INFO">Clicking element 'xpath=//*[@text="SAVE"]'.</msg>
<status status="PASS" starttime="20210210 18:01:17.983" endtime="20210210 18:01:18.135"></status>
</kw>
<kw name="Sleep" library="BuiltIn">
<doc>Pauses the test executed for the given time.</doc>
<arguments>
<arg>3.5s</arg>
</arguments>
<msg timestamp="20210210 18:01:21.636" level="INFO">Slept 3 seconds 500 milliseconds</msg>
<status status="PASS" starttime="20210210 18:01:18.136" endtime="20210210 18:01:21.636"></status>
</kw>
<kw name="Log To Console" library="BuiltIn">
<doc>Logs the given message to the console.</doc>
<arguments>
<arg>Status updated to OnDuty ND</arg>
</arguments>
<status status="PASS" starttime="20210210 18:01:21.636" endtime="20210210 18:01:21.637"></status>
</kw>
<status status="PASS" starttime="20210210 18:01:12.435" endtime="20210210 18:01:21.637"></status>
</kw>
<status status="PASS" starttime="20210210 18:01:12.435" endtime="20210210 18:01:21.637"></status>
</kw>
<status status="PASS" starttime="20210210 18:01:12.195" endtime="20210210 18:01:21.637"></status>
</kw>
<kw name="Sleep" library="BuiltIn">
<doc>Pauses the test executed for the given time.</doc>
<arguments>
<arg>10s</arg>
</arguments>
<msg timestamp="20210210 18:01:31.638" level="INFO">Slept 10 seconds</msg>
<status status="PASS" starttime="20210210 18:01:21.637" endtime="20210210 18:01:31.639"></status>
</kw>
<kw name="Add Sleeper status" library="Common">
<kw name="Get Matching Xpath Count" library="AppiumLibrary">
<doc>Returns number of elements matching ``xpath``</doc>
<arguments>
<arg>xpath=//*[@text="Sleeper"]</arg>
</arguments>
<assign>
<var>${count}</var>
</assign>
<msg timestamp="20210210 18:01:32.683" level="INFO">${count} = 0</msg>
<status status="PASS" starttime="20210210 18:01:31.640" endtime="20210210 18:01:32.683"></status>
</kw>
<kw name="Run Keyword If" library="BuiltIn">
<doc>Runs the given keyword with the given arguments, if ``condition`` is true.</doc>
<arguments>
<arg>${count} == 0</arg>
<arg>changestatus.change status to sleeper</arg>
<arg>ELSE</arg>
<arg>log to console</arg>
<arg>Already with Sleeper status</arg>
</arguments>
<kw name="Change status to Sleeper" library="ChangeStatus">
<kw name="Wait Until Element Is Visible" library="AppiumLibrary">
<doc>Waits until element specified with `locator` is visible.</doc>
<arguments>
<arg>accessibility_id=dutyStatusIcon</arg>
</arguments>
<status status="PASS" starttime="20210210 18:01:32.685" endtime="20210210 18:01:33.323"></status>
</kw>
<kw name="Click Element" library="AppiumLibrary">
<doc>Click element identified by `locator`.</doc>
<arguments>
<arg>accessibility_id=dutyStatusIcon</arg>
</arguments>
<msg timestamp="20210210 18:01:33.327" level="INFO">Clicking element 'accessibility_id=dutyStatusIcon'.</msg>
<status status="PASS" starttime="20210210 18:01:33.324" endtime="20210210 18:01:33.472"></status>
</kw>
<kw name="Sleep" library="BuiltIn">
<doc>Pauses the test executed for the given time.</doc>
<arguments>
<arg>2s</arg>
</arguments>
<msg timestamp="20210210 18:01:35.475" level="INFO">Slept 2 seconds</msg>
<status status="PASS" starttime="20210210 18:01:33.472" endtime="20210210 18:01:35.475"></status>
</kw>
<kw name="Click Element" library="AppiumLibrary">
<doc>Click element identified by `locator`.</doc>
<arguments>
<arg>xpath=//*[@text="Sleeper"]</arg>
</arguments>
<msg timestamp="20210210 18:01:35.477" level="INFO">Clicking element 'xpath=//*[@text="Sleeper"]'.</msg>
<status status="PASS" starttime="20210210 18:01:35.475" endtime="20210210 18:01:35.743"></status>
</kw>